<?xml version="1.0" encoding="UTF-8"?>
<!-- Generated by org.testng.reporters.JUnitReportReporter -->
<testsuite hostname="DESKTOP-4M14A0P" failures="0" tests="1" name="driverFactory.DriverScript" time="37.363" errors="0" timestamp="2022-12-22T12:16:21 IST" skipped="0">
  <testcase classname="driverFactory.DriverScript" name="startTest" time="37.363"/>
  <system-out>
    <![CDATA[No of rows in a sheet::10
Login Success::dashboard      http://orangehrm.qedgetech.com/symfony/web/index.php/dashboard
Invalid credentials     dashboard    http://orangehrm.qedgetech.com/symfony/web/index.php/auth/validateCredentials
Invalid credentials     dashboard    http://orangehrm.qedgetech.com/symfony/web/index.php/auth/validateCredentials
Username cannot be empty     dashboard    http://orangehrm.qedgetech.com/symfony/web/index.php/auth/login
Login Success::dashboard      http://orangehrm.qedgetech.com/symfony/web/index.php/dashboard
Password cannot be empty     dashboard    http://orangehrm.qedgetech.com/symfony/web/index.php/auth/login
Login Success::dashboard      http://orangehrm.qedgetech.com/symfony/web/index.php/dashboard
Username cannot be empty     dashboard    http://orangehrm.qedgetech.com/symfony/web/index.php/auth/login
Invalid credentials     dashboard    http://orangehrm.qedgetech.com/symfony/web/index.php/auth/validateCredentials
Login Success::dashboard      http://orangehrm.qedgetech.com/symfony/web/index.php/dashboard]]>
  </system-out>
</testsuite> <!-- driverFactory.DriverScript -->
